  main.cpp
  TCPListener.cpp
c:\users\gsanz\source\repos\gsanz95\webserver\webserver\tcplistener.cpp(15): warning C4244: '=': conversion from 'SOCKET' to 'int', possible loss of data
c:\users\gsanz\source\repos\gsanz95\webserver\webserver\tcplistener.cpp(57): warning C4244: 'initializing': conversion from 'SOCKET' to 'int', possible loss of data
c:\users\gsanz\source\repos\gsanz95\webserver\webserver\tcplistener.cpp(63): warning C4244: 'initializing': conversion from 'SOCKET' to 'int', possible loss of data
c:\users\gsanz\source\repos\gsanz95\webserver\webserver\tcplistener.cpp(103): warning C4244: 'initializing': conversion from 'SOCKET' to 'int', possible loss of data
c:\users\gsanz\source\repos\gsanz95\webserver\webserver\tcplistener.cpp(134): warning C4018: '<': signed/unsigned mismatch
c:\users\gsanz\source\repos\gsanz95\webserver\webserver\tcplistener.cpp(136): warning C4244: 'initializing': conversion from 'SOCKET' to 'int', possible loss of data
  Threaded_TCPListener.cpp
c:\users\gsanz\source\repos\gsanz95\webserver\webserver\threaded_tcplistener.cpp(14): warning C4244: '=': conversion from 'SOCKET' to 'int', possible loss of data
c:\users\gsanz\source\repos\gsanz95\webserver\webserver\threaded_tcplistener.cpp(150): warning C4244: 'initializing': conversion from 'SOCKET' to 'int', possible loss of data
c:\program files (x86)\microsoft visual studio\2017\community\vc\tools\msvc\14.16.27023\include\thr\xthread(238): error C2672: 'std::invoke': no matching overloaded function found
  c:\program files (x86)\microsoft visual studio\2017\community\vc\tools\msvc\14.16.27023\include\thr\xthread(246): note: see reference to function template instantiation 'void std::_LaunchPad<_Target>::_Execute<0,1,2,3>(std::tuple<void (__cdecl Threaded_TCPListener::* )(int,const char *,int),int,const char *,int> &,std::integer_sequence<unsigned __int64,0,1,2,3>)' being compiled
          with
          [
              _Target=std::unique_ptr<std::tuple<void (__cdecl Threaded_TCPListener::* )(int,const char *,int),int,const char *,int>,std::default_delete<std::tuple<void (__cdecl Threaded_TCPListener::* )(int,const char *,int),int,const char *,int>>>
          ]
  c:\program files (x86)\microsoft visual studio\2017\community\vc\tools\msvc\14.16.27023\include\thr\xthread(245): note: see reference to function template instantiation 'void std::_LaunchPad<_Target>::_Execute<0,1,2,3>(std::tuple<void (__cdecl Threaded_TCPListener::* )(int,const char *,int),int,const char *,int> &,std::integer_sequence<unsigned __int64,0,1,2,3>)' being compiled
          with
          [
              _Target=std::unique_ptr<std::tuple<void (__cdecl Threaded_TCPListener::* )(int,const char *,int),int,const char *,int>,std::default_delete<std::tuple<void (__cdecl Threaded_TCPListener::* )(int,const char *,int),int,const char *,int>>>
          ]
  c:\program files (x86)\microsoft visual studio\2017\community\vc\tools\msvc\14.16.27023\include\thr\xthread(242): note: while compiling class template member function 'void std::_LaunchPad<_Target>::_Run(std::_LaunchPad<_Target> *) noexcept'
          with
          [
              _Target=std::unique_ptr<std::tuple<void (__cdecl Threaded_TCPListener::* )(int,const char *,int),int,const char *,int>,std::default_delete<std::tuple<void (__cdecl Threaded_TCPListener::* )(int,const char *,int),int,const char *,int>>>
          ]
  c:\program files (x86)\microsoft visual studio\2017\community\vc\tools\msvc\14.16.27023\include\thr\xthread(230): note: see reference to function template instantiation 'void std::_LaunchPad<_Target>::_Run(std::_LaunchPad<_Target> *) noexcept' being compiled
          with
          [
              _Target=std::unique_ptr<std::tuple<void (__cdecl Threaded_TCPListener::* )(int,const char *,int),int,const char *,int>,std::default_delete<std::tuple<void (__cdecl Threaded_TCPListener::* )(int,const char *,int),int,const char *,int>>>
          ]
  c:\program files (x86)\microsoft visual studio\2017\community\vc\tools\msvc\14.16.27023\include\thr\xthread(257): note: see reference to class template instantiation 'std::_LaunchPad<_Target>' being compiled
          with
          [
              _Target=std::unique_ptr<std::tuple<void (__cdecl Threaded_TCPListener::* )(int,const char *,int),int,const char *,int>,std::default_delete<std::tuple<void (__cdecl Threaded_TCPListener::* )(int,const char *,int),int,const char *,int>>>
          ]
  c:\program files (x86)\microsoft visual studio\2017\community\vc\tools\msvc\14.16.27023\include\thread(46): note: see reference to function template instantiation 'void std::_Launch<std::unique_ptr<std::tuple<void (__cdecl Threaded_TCPListener::* )(int,const char *,int),int,const char *,int>,std::default_delete<_Ty>>>(_Thrd_t *,_Target &&)' being compiled
          with
          [
              _Ty=std::tuple<void (__cdecl Threaded_TCPListener::* )(int,const char *,int),int,const char *,int>,
              _Target=std::unique_ptr<std::tuple<void (__cdecl Threaded_TCPListener::* )(int,const char *,int),int,const char *,int>,std::default_delete<std::tuple<void (__cdecl Threaded_TCPListener::* )(int,const char *,int),int,const char *,int>>>
          ]
  c:\users\gsanz\source\repos\gsanz95\webserver\webserver\threaded_tcplistener.cpp(114): note: see reference to function template instantiation 'std::thread::thread<void(__cdecl Threaded_TCPListener::* )(int,const char *,int),int&,const char*&,int&,void>(_Fn &&,int &,const char *&,int &)' being compiled
          with
          [
              _Fn=void (__cdecl Threaded_TCPListener::* )(int,const char *,int)
          ]
c:\program files (x86)\microsoft visual studio\2017\community\vc\tools\msvc\14.16.27023\include\thr\xthread(237): error C2893: Failed to specialize function template 'unknown-type std::invoke(_Callable &&,_Types &&...) noexcept(<expr>)'
  c:\program files (x86)\microsoft visual studio\2017\community\vc\tools\msvc\14.16.27023\include\thr\xthread(237): note: With the following template arguments:
  c:\program files (x86)\microsoft visual studio\2017\community\vc\tools\msvc\14.16.27023\include\thr\xthread(237): note: '_Callable=void (__cdecl Threaded_TCPListener::* )(int,const char *,int)'
  c:\program files (x86)\microsoft visual studio\2017\community\vc\tools\msvc\14.16.27023\include\thr\xthread(237): note: '_Types={int, const char *, int}'
  Generating Code...
